<?xml version="1.0" encoding="UTF-8"?>
<!-- Generated by org.testng.reporters.JUnitReportReporter -->
<testsuite hostname="vaibhav" name="LearnTestNg.TestNGAnnotation2" tests="1" failures="0" timestamp="28 Feb 2016 23:42:07 GMT" time="0.001" errors="0">
  <testcase name="test1" time="0.001" classname="LearnTestNg.TestNGAnnotation2"/>
</testsuite> <!-- LearnTestNg.TestNGAnnotation2 -->
