<?xml version="1.0" encoding="UTF-8"?>
<!-- Generated by org.testng.reporters.JUnitReportReporter -->
<testsuite hostname="vaibhav" name="TestNg.Batch.PaymentTest" tests="2" failures="0" timestamp="29 Feb 2016 00:01:28 GMT" time="0.028" errors="0">
  <testcase name="PayinEuros" time="0.001" classname="TestNg.Batch.PaymentTest"/>
  <testcase name="PayinDollar" time="0.027" classname="TestNg.Batch.PaymentTest"/>
</testsuite> <!-- TestNg.Batch.PaymentTest -->
