<?xml version="1.0" encoding="UTF-8"?>
<!-- Generated by org.testng.reporters.JUnitReportReporter -->
<testsuite hostname="vaibhav" name="TestNg.Batch.LoginTest" tests="3" failures="0" timestamp="29 Feb 2016 05:41:25 GMT" time="0.007" errors="0">
  <testcase name="LoginViaEmail" time="0.004" classname="TestNg.Batch.LoginTest"/>
  <testcase name="LoginViaTwitter" time="0.000" classname="TestNg.Batch.LoginTest"/>
  <testcase name="LoginViaFacebook" time="0.003" classname="TestNg.Batch.LoginTest"/>
</testsuite> <!-- TestNg.Batch.LoginTest -->
