<?xml version="1.0" encoding="UTF-8"?>
<!-- Generated by org.testng.reporters.JUnitReportReporter -->
<testsuite hostname="vaibhav" name="LearnTestNg.TestNGAnnotation1" tests="2" failures="0" timestamp="28 Feb 2016 23:42:07 GMT" time="0.005" errors="0">
  <testcase name="test1" time="0.005" classname="LearnTestNg.TestNGAnnotation1"/>
  <testcase name="test2" time="0.000" classname="LearnTestNg.TestNGAnnotation1"/>
</testsuite> <!-- LearnTestNg.TestNGAnnotation1 -->
