<?xml version="1.0" encoding="UTF-8"?>
<!-- Generated by org.testng.reporters.JUnitReportReporter -->
<testsuite hostname="vaibhav" name="TestNg.Batch.SignUpTest" tests="3" failures="0" timestamp="29 Feb 2016 05:41:25 GMT" time="0.021" errors="0">
  <testcase name="signUpFacebook" time="0.001" classname="TestNg.Batch.SignUpTest"/>
  <testcase name="signUpEmail" time="0.019" classname="TestNg.Batch.SignUpTest"/>
  <testcase name="signUpTwitter" time="0.001" classname="TestNg.Batch.SignUpTest"/>
</testsuite> <!-- TestNg.Batch.SignUpTest -->
