<?xml version="1.0" encoding="UTF-8"?>
<!-- Generated by org.testng.reporters.JUnitReportReporter -->
<testsuite hostname="vaibhav" name="TestNg.Priority.TestNgPriority" tests="3" failures="0" timestamp="29 Feb 2016 02:02:37 GMT" time="0.016" errors="0">
  <testcase name="logout" time="0.001" classname="TestNg.Priority.TestNgPriority"/>
  <testcase name="navigation" time="0.000" classname="TestNg.Priority.TestNgPriority"/>
  <testcase name="login" time="0.015" classname="TestNg.Priority.TestNgPriority"/>
</testsuite> <!-- TestNg.Priority.TestNgPriority -->
