<?xml version="1.0" encoding="UTF-8"?>
<!-- Generated by org.testng.reporters.JUnitReportReporter -->
<testsuite hostname="vaibhav" name="TestNg.Parameters.DataParameters" tests="4" failures="0" timestamp="29 Feb 2016 02:46:45 GMT" time="0.038" errors="1">
  <testcase name="LoginUser" time="0.018" classname="TestNg.Parameters.DataParameters">
    <error type="org.testng.TestNGException" message="
The data provider is trying to pass 4 parameters but the method TestNg.Parameters.DataParameters#LoginUser takes 2">
      <![CDATA[org.testng.TestNGException: 
The data provider is trying to pass 4 parameters but the method TestNg.Parameters.DataParameters#LoginUser takes 2
	at org.testng.internal.Invoker.injectParameters(Invoker.java:1231)
	at org.testng.internal.Invoker.invokeTestMethods(Invoker.java:1124)
	at org.testng.internal.TestMethodWorker.invokeTestMethods(TestMethodWorker.java:129)
	at org.testng.internal.TestMethodWorker.run(TestMethodWorker.java:112)
	at org.testng.TestRunner.privateRun(TestRunner.java:782)
	at org.testng.TestRunner.run(TestRunner.java:632)
	at org.testng.SuiteRunner.runTest(SuiteRunner.java:366)
	at org.testng.SuiteRunner.runSequentially(SuiteRunner.java:361)
	at org.testng.SuiteRunner.privateRun(SuiteRunner.java:319)
	at org.testng.SuiteRunner.run(SuiteRunner.java:268)
	at org.testng.SuiteRunnerWorker.runSuite(SuiteRunnerWorker.java:52)
	at org.testng.SuiteRunnerWorker.run(SuiteRunnerWorker.java:86)
	at org.testng.TestNG.runSuitesSequentially(TestNG.java:1244)
	at org.testng.TestNG.runSuitesLocally(TestNG.java:1169)
	at org.testng.TestNG.run(TestNG.java:1064)
	at org.testng.remote.RemoteTestNG.run(RemoteTestNG.java:113)
	at org.testng.remote.RemoteTestNG.initAndRun(RemoteTestNG.java:206)
	at org.testng.remote.RemoteTestNG.main(RemoteTestNG.java:177)
]]>
    </error>
  </testcase> <!-- LoginUser -->
  <testcase name="registerUser" time="0.002" classname="TestNg.Parameters.DataParameters"/>
  <testcase name="registerUser" time="0.001" classname="TestNg.Parameters.DataParameters"/>
  <testcase name="registerUser" time="0.017" classname="TestNg.Parameters.DataParameters"/>
</testsuite> <!-- TestNg.Parameters.DataParameters -->
