<?xml version="1.0" encoding="UTF-8"?>
<!-- Generated by org.testng.reporters.JUnitReportReporter -->
<testsuite hostname="vaibhav" name="TestNg.Batch.PayReturn" tests="1" failures="0" timestamp="29 Feb 2016 00:01:28 GMT" time="0.001" errors="0">
  <testcase name="payReturnFromBank" time="0.001" classname="TestNg.Batch.PayReturn"/>
</testsuite> <!-- TestNg.Batch.PayReturn -->
